d:\maptool\output\debug\jh_tool\jh_tool.pch
d:\maptool\output\debug\jh_tool\vc141.pdb
d:\maptool\output\debug\jh_tool\vc141.idb
d:\maptool\output\debug\jh_tool\pch.obj
d:\maptool\output\debug\jh_tool\sample.obj
d:\maptool\output\debug\jh_tool\propertieswnd.obj
d:\maptool\output\debug\jh_tool\outputwnd.obj
d:\maptool\output\debug\jh_tool\jh_toolview.obj
d:\maptool\output\debug\jh_tool\jh_tooldoc.obj
d:\maptool\output\debug\jh_tool\jh_tool.obj
d:\maptool\output\debug\jh_tool\jh_objpane.obj
d:\maptool\output\debug\jh_tool\jh_objform.obj
d:\maptool\output\debug\jh_tool\jh_mappane.obj
d:\maptool\output\debug\jh_tool\jh_mapform.obj
d:\maptool\output\debug\jh_tool\jh_loadobject.obj
d:\maptool\output\debug\jh_tool\jh_createmap.obj
d:\maptool\output\debug\jh_tool\cpropmapwnd.obj
d:\maptool\output\debug\jh_tool\calendarbar.obj
d:\maptool\output\debug\jh_tool\mainfrm.obj
d:\maptool\output\debug\jh_tool.ilk
d:\maptool\output\debug\jh_tool.exe
d:\maptool\output\debug\jh_tool.pdb
d:\maptool\output\debug\jh_tool\jhtool.res
d:\maptool\cby_gameprojects\jh_tool\../../output/debug\jh_tool.exe
d:\maptool\output\debug\jh_tool\jh_tool.tlog\cl.command.1.tlog
d:\maptool\output\debug\jh_tool\jh_tool.tlog\cl.read.1.tlog
d:\maptool\output\debug\jh_tool\jh_tool.tlog\cl.write.1.tlog
d:\maptool\output\debug\jh_tool\jh_tool.tlog\link.command.1.tlog
d:\maptool\output\debug\jh_tool\jh_tool.tlog\link.read.1.tlog
d:\maptool\output\debug\jh_tool\jh_tool.tlog\link.write.1.tlog
d:\maptool\output\debug\jh_tool\jh_tool.tlog\rc.command.1.tlog
d:\maptool\output\debug\jh_tool\jh_tool.tlog\rc.read.1.tlog
d:\maptool\output\debug\jh_tool\jh_tool.tlog\rc.write.1.tlog
