d:\maptool\output\debug\kg_engine\kg_engine.pdb
d:\maptool\output\debug\kg_engine\kg_engine.idb
d:\maptool\output\debug\kg_engine\jh_mapmgr.obj
d:\maptool\output\debug\kg_engine\jh_map.obj
d:\maptool\output\debug\kg_engine\jh_baseobj.obj
d:\maptool\output\debug\kg_engine\cby_weapon.obj
d:\maptool\output\debug\kg_engine\cby_skinparser.obj
d:\maptool\output\debug\kg_engine\cby_skinobj.obj
d:\maptool\output\debug\kg_engine\cby_parser.obj
d:\maptool\output\debug\kg_engine\cby_objectmgr.obj
d:\maptool\output\debug\kg_engine\cby_object.obj
d:\maptool\output\debug\kg_engine\cby_obj.obj
d:\maptool\output\debug\kg_engine\cby_meshskin.obj
d:\maptool\output\debug\kg_engine\cby_mesh.obj
d:\maptool\output\debug\kg_engine\cby_datactrl.obj
d:\maptool\output\debug\kg_engine\cby_charmgr.obj
d:\maptool\output\debug\kg_engine\cby_charbox.obj
d:\maptool\output\debug\kg_engine\cby_charactercamera.obj
d:\maptool\output\debug\kg_engine\cby_character.obj
d:\maptool\output\debug\kg_engine\cby_boneparser.obj
d:\maptool\output\debug\kg_engine\cby_boneobj.obj
d:\maptool\output\debug\kg_engine\cby_bonebox.obj
d:\maptool\output\debug\kg_engine\kg_modelviewcamera.obj
d:\maptool\output\debug\kg_engine\kg_model.obj
d:\maptool\output\debug\kg_engine\kg_minimap.obj
d:\maptool\output\debug\kg_engine\kg_math.obj
d:\maptool\output\debug\kg_engine\kg_maplod.obj
d:\maptool\output\debug\kg_engine\kg_input.obj
d:\maptool\output\debug\kg_engine\kg_frusutm.obj
d:\maptool\output\debug\kg_engine\kg_dxwrite.obj
d:\maptool\output\debug\kg_engine\kg_dxstate.obj
d:\maptool\output\debug\kg_engine\kg_dxrt.obj
d:\maptool\output\debug\kg_engine\kg_dxheper.obj
d:\maptool\output\debug\kg_engine\kg_dxhelperex.obj
d:\maptool\output\debug\kg_engine\kg_device.obj
d:\maptool\output\debug\kg_engine\kg_debugcamera.obj
d:\maptool\output\debug\kg_engine\kg_core.obj
d:\maptool\output\debug\kg_engine\kg_camera.obj
d:\maptool\output\debug\kg_engine\kg_backviewcamera.obj
d:\maptool\output\debug\kg_engine\kg_arcball.obj
d:\maptool\output\debug\kg_engine\jh_objmgr.obj
d:\maptool\output\debug\kg_engine\jh_mapobj.obj
d:\maptool\output\debug\kg_engine\quadtree.obj
d:\maptool\output\debug\kg_engine\normalmap.obj
d:\maptool\output\debug\kg_engine\lightobj.obj
d:\maptool\output\debug\kg_engine\lightmgr.obj
d:\maptool\output\debug\kg_engine\kg_window.obj
d:\maptool\output\debug\kg_engine\kg_time.obj
d:\maptool\output\debug\kg_engine\kg_texturemgr.obj
d:\maptool\output\debug\kg_engine\kg_sprite.obj
d:\maptool\output\debug\kg_engine\kg_soundmgr.obj
d:\maptool\output\debug\kg_engine\kg_sound.obj
d:\maptool\output\debug\kg_engine\kg_skybox.obj
d:\maptool\output\debug\kg_engine\kg_shapeobject.obj
d:\maptool\output\debug\kg_engine\kg_shapemap.obj
d:\maptool\output\debug\kg_engine\kg_shapeline.obj
d:\maptool\output\debug\kg_engine\kg_shapebox.obj
d:\maptool\output\debug\kg_engine\kg_shadow.obj
d:\maptool\output\debug\kg_engine\kg_select.obj
d:\maptool\output\debug\kg_engine\kg_node.obj
d:\maptool\cby_gameprojects\kg_engine\kg_engine_d.lib
d:\maptool\output\debug\kg_engine\kg_engine.tlog\cl.command.1.tlog
d:\maptool\output\debug\kg_engine\kg_engine.tlog\cl.read.1.tlog
d:\maptool\output\debug\kg_engine\kg_engine.tlog\cl.write.1.tlog
d:\maptool\output\debug\kg_engine\kg_engine.tlog\lib-link.read.1.tlog
d:\maptool\output\debug\kg_engine\kg_engine.tlog\lib-link.write.1.tlog
d:\maptool\output\debug\kg_engine\kg_engine.tlog\lib.command.1.tlog
